<?xml version="1.0" encoding="UTF-8"?>
<testng-results ignored="0" total="4" passed="4" failed="0" skipped="0">
  <reporter-output>
  </reporter-output>
  <suite started-at="2022-09-09T07:57:10Z" name="Suite" finished-at="2022-09-09T07:57:28Z" duration-ms="18488">
    <groups>
    </groups>
    <test started-at="2022-09-09T07:57:10Z" name="Test" finished-at="2022-09-09T07:57:28Z" duration-ms="18488">
      <class name="TestCase.TestCase">
        <test-method is-config="true" signature="timeStamp()[pri:0, instance:TestCase.TestCase@77f80c04]" started-at="2022-09-09T07:57:10Z" name="timeStamp" finished-at="2022-09-09T07:57:10Z" duration-ms="72" status="PASS">
          <reporter-output>
          </reporter-output>
        </test-method> <!-- timeStamp -->
        <test-method is-config="true" signature="driverIni()[pri:0, instance:TestCase.TestCase@77f80c04]" started-at="2022-09-09T07:57:10Z" name="driverIni" finished-at="2022-09-09T07:57:12Z" duration-ms="2368" status="PASS">
          <reporter-output>
          </reporter-output>
        </test-method> <!-- driverIni -->
        <test-method is-config="true" signature="login()[pri:0, instance:TestCase.TestCase@77f80c04]" started-at="2022-09-09T07:57:12Z" name="login" finished-at="2022-09-09T07:57:17Z" duration-ms="4658" status="PASS">
          <reporter-output>
          </reporter-output>
        </test-method> <!-- login -->
        <test-method signature="searchHotel()[pri:0, instance:TestCase.TestCase@77f80c04]" started-at="2022-09-09T07:57:17Z" name="searchHotel" finished-at="2022-09-09T07:57:18Z" duration-ms="1519" status="PASS">
          <reporter-output>
          </reporter-output>
        </test-method> <!-- searchHotel -->
        <test-method signature="selectHotel()[pri:1, instance:TestCase.TestCase@77f80c04]" started-at="2022-09-09T07:57:18Z" name="selectHotel" finished-at="2022-09-09T07:57:20Z" duration-ms="1056" status="PASS">
          <reporter-output>
          </reporter-output>
        </test-method> <!-- selectHotel -->
        <test-method signature="bookAHotel()[pri:2, instance:TestCase.TestCase@77f80c04]" started-at="2022-09-09T07:57:20Z" name="bookAHotel" finished-at="2022-09-09T07:57:21Z" duration-ms="1639" status="PASS">
          <reporter-output>
          </reporter-output>
        </test-method> <!-- bookAHotel -->
        <test-method signature="printOrderNo()[pri:3, instance:TestCase.TestCase@77f80c04]" started-at="2022-09-09T07:57:21Z" name="printOrderNo" finished-at="2022-09-09T07:57:28Z" duration-ms="7035" status="PASS">
          <reporter-output>
          </reporter-output>
        </test-method> <!-- printOrderNo -->
        <test-method is-config="true" signature="driverClose()[pri:0, instance:TestCase.TestCase@77f80c04]" started-at="2022-09-09T07:57:28Z" name="driverClose" finished-at="2022-09-09T07:57:28Z" duration-ms="139" status="PASS">
          <reporter-output>
          </reporter-output>
        </test-method> <!-- driverClose -->
        <test-method is-config="true" signature="timeStamp01()[pri:0, instance:TestCase.TestCase@77f80c04]" started-at="2022-09-09T07:57:28Z" name="timeStamp01" finished-at="2022-09-09T07:57:28Z" duration-ms="0" status="PASS">
          <reporter-output>
          </reporter-output>
        </test-method> <!-- timeStamp01 -->
      </class> <!-- TestCase.TestCase -->
    </test> <!-- Test -->
  </suite> <!-- Suite -->
</testng-results>
